{"/home/marka/projects/users-backend-typescript/src/app.ts": {"path":"/home/marka/projects/users-backend-typescript/src/app.ts","statementMap":{"0":{"start":{"line":1,"column":0},"end":{"line":1,"column":30}},"1":{"start":{"line":2,"column":0},"end":{"line":2,"column":28}},"2":{"start":{"line":3,"column":0},"end":{"line":3,"column":28}},"3":{"start":{"line":4,"column":0},"end":{"line":4,"column":24}},"4":{"start":{"line":5,"column":0},"end":{"line":5,"column":46}},"5":{"start":{"line":6,"column":0},"end":{"line":6,"column":46}},"6":{"start":{"line":7,"column":0},"end":{"line":7,"column":46}},"7":{"start":{"line":8,"column":0},"end":{"line":8,"column":61}},"8":{"start":{"line":9,"column":0},"end":{"line":9,"column":62}},"9":{"start":{"line":10,"column":0},"end":{"line":10,"column":41}},"10":{"start":{"line":12,"column":0},"end":{"line":12,"column":16}},"11":{"start":{"line":14,"column":12},"end":{"line":14,"column":21}},"12":{"start":{"line":16,"column":0},"end":{"line":16,"column":18}},"13":{"start":{"line":18,"column":0},"end":{"line":18,"column":23}},"14":{"start":{"line":19,"column":0},"end":{"line":19,"column":16}},"15":{"start":{"line":20,"column":0},"end":{"line":20,"column":24}},"16":{"start":{"line":22,"column":0},"end":{"line":25,"column":4}},"17":{"start":{"line":27,"column":0},"end":{"line":27,"column":33}},"18":{"start":{"line":28,"column":0},"end":{"line":28,"column":34}},"19":{"start":{"line":29,"column":0},"end":{"line":29,"column":34}},"20":{"start":{"line":31,"column":0},"end":{"line":31,"column":18}},"21":{"start":{"line":32,"column":0},"end":{"line":32,"column":22}},"22":{"start":{"line":34,"column":0},"end":{"line":34,"column":19}}},"fnMap":{},"branchMap":{},"s":{"0":1,"1":1,"2":1,"3":1,"4":1,"5":1,"6":1,"7":1,"8":1,"9":1,"10":1,"11":1,"12":1,"13":1,"14":1,"15":1,"16":1,"17":1,"18":1,"19":1,"20":1,"21":1,"22":1},"f":{},"b":{}}
,"/home/marka/projects/users-backend-typescript/src/swagger.ts": {"path":"/home/marka/projects/users-backend-typescript/src/swagger.ts","statementMap":{"0":{"start":{"line":1,"column":0},"end":{"line":1,"column":41}},"1":{"start":{"line":2,"column":0},"end":{"line":2,"column":43}},"2":{"start":{"line":3,"column":0},"end":{"line":3,"column":52}},"3":{"start":{"line":5,"column":0},"end":{"line":5,"column":39}},"4":{"start":{"line":6,"column":0},"end":{"line":6,"column":39}},"5":{"start":{"line":8,"column":38},"end":{"line":42,"column":2}},"6":{"start":{"line":44,"column":13},"end":{"line":44,"column":49}},"7":{"start":{"line":46,"column":28},"end":{"line":48,"column":1}},"8":{"start":{"line":47,"column":2},"end":{"line":47,"column":70}},"9":{"start":{"line":46,"column":13},"end":{"line":46,"column":28}}},"fnMap":{"0":{"name":"(anonymous_1)","decl":{"start":{"line":46,"column":28},"end":{"line":46,"column":29}},"loc":{"start":{"line":46,"column":45},"end":{"line":48,"column":1}}}},"branchMap":{},"s":{"0":1,"1":1,"2":1,"3":1,"4":1,"5":1,"6":1,"7":1,"8":1,"9":1},"f":{"0":1},"b":{}}
,"/home/marka/projects/users-backend-typescript/src/controllers/auth.controller.ts": {"path":"/home/marka/projects/users-backend-typescript/src/controllers/auth.controller.ts","statementMap":{"0":{"start":{"line":2,"column":0},"end":{"line":2,"column":56}},"1":{"start":{"line":3,"column":0},"end":{"line":3,"column":56}},"2":{"start":{"line":5,"column":24},"end":{"line":12,"column":1}},"3":{"start":{"line":6,"column":2},"end":{"line":11,"column":30}},"4":{"start":{"line":7,"column":21},"end":{"line":7,"column":76}},"5":{"start":{"line":8,"column":4},"end":{"line":8,"column":74}},"6":{"start":{"line":8,"column":18},"end":{"line":8,"column":74}},"7":{"start":{"line":9,"column":20},"end":{"line":9,"column":58}},"8":{"start":{"line":10,"column":4},"end":{"line":10,"column":74}},"9":{"start":{"line":11,"column":18},"end":{"line":11,"column":28}},"10":{"start":{"line":5,"column":13},"end":{"line":5,"column":24}},"11":{"start":{"line":14,"column":21},"end":{"line":21,"column":1}},"12":{"start":{"line":15,"column":2},"end":{"line":20,"column":30}},"13":{"start":{"line":16,"column":35},"end":{"line":16,"column":43}},"14":{"start":{"line":17,"column":19},"end":{"line":17,"column":62}},"15":{"start":{"line":18,"column":4},"end":{"line":18,"column":81}},"16":{"start":{"line":18,"column":17},"end":{"line":18,"column":81}},"17":{"start":{"line":19,"column":4},"end":{"line":19,"column":101}},"18":{"start":{"line":20,"column":18},"end":{"line":20,"column":28}},"19":{"start":{"line":14,"column":13},"end":{"line":14,"column":21}},"20":{"start":{"line":23,"column":18},"end":{"line":27,"column":1}},"21":{"start":{"line":24,"column":2},"end":{"line":24,"column":31}},"22":{"start":{"line":25,"column":2},"end":{"line":25,"column":79}},"23":{"start":{"line":25,"column":17},"end":{"line":25,"column":79}},"24":{"start":{"line":26,"column":2},"end":{"line":26,"column":21}},"25":{"start":{"line":23,"column":13},"end":{"line":23,"column":18}}},"fnMap":{"0":{"name":"(anonymous_9)","decl":{"start":{"line":5,"column":24},"end":{"line":5,"column":29}},"loc":{"start":{"line":5,"column":82},"end":{"line":12,"column":1}}},"1":{"name":"(anonymous_10)","decl":{"start":{"line":14,"column":21},"end":{"line":14,"column":26}},"loc":{"start":{"line":14,"column":79},"end":{"line":21,"column":1}}},"2":{"name":"(anonymous_11)","decl":{"start":{"line":23,"column":18},"end":{"line":23,"column":23}},"loc":{"start":{"line":23,"column":77},"end":{"line":27,"column":1}}}},"branchMap":{"0":{"loc":{"start":{"line":8,"column":4},"end":{"line":8,"column":74}},"type":"if","locations":[{"start":{"line":8,"column":4},"end":{"line":8,"column":74}}]},"1":{"loc":{"start":{"line":18,"column":4},"end":{"line":18,"column":81}},"type":"if","locations":[{"start":{"line":18,"column":4},"end":{"line":18,"column":81}}]},"2":{"loc":{"start":{"line":25,"column":2},"end":{"line":25,"column":79}},"type":"if","locations":[{"start":{"line":25,"column":2},"end":{"line":25,"column":79}}]}},"s":{"0":2,"1":2,"2":2,"3":1,"4":1,"5":1,"6":0,"7":1,"8":1,"9":0,"10":2,"11":2,"12":3,"13":3,"14":3,"15":3,"16":1,"17":2,"18":0,"19":2,"20":2,"21":0,"22":0,"23":0,"24":0,"25":2},"f":{"0":1,"1":3,"2":0},"b":{"0":[0],"1":[1],"2":[0]}}
,"/home/marka/projects/users-backend-typescript/src/controllers/role.controller.ts": {"path":"/home/marka/projects/users-backend-typescript/src/controllers/role.controller.ts","statementMap":{"0":{"start":{"line":2,"column":0},"end":{"line":2,"column":56}},"1":{"start":{"line":4,"column":22},"end":{"line":9,"column":1}},"2":{"start":{"line":5,"column":2},"end":{"line":8,"column":30}},"3":{"start":{"line":6,"column":14},"end":{"line":6,"column":52}},"4":{"start":{"line":7,"column":4},"end":{"line":7,"column":28}},"5":{"start":{"line":8,"column":18},"end":{"line":8,"column":28}},"6":{"start":{"line":4,"column":13},"end":{"line":4,"column":22}},"7":{"start":{"line":11,"column":20},"end":{"line":16,"column":1}},"8":{"start":{"line":12,"column":2},"end":{"line":15,"column":30}},"9":{"start":{"line":13,"column":15},"end":{"line":13,"column":47}},"10":{"start":{"line":14,"column":4},"end":{"line":14,"column":17}},"11":{"start":{"line":15,"column":18},"end":{"line":15,"column":28}},"12":{"start":{"line":11,"column":13},"end":{"line":11,"column":20}},"13":{"start":{"line":18,"column":22},"end":{"line":23,"column":1}},"14":{"start":{"line":19,"column":2},"end":{"line":22,"column":30}},"15":{"start":{"line":20,"column":14},"end":{"line":20,"column":68}},"16":{"start":{"line":21,"column":4},"end":{"line":21,"column":16}},"17":{"start":{"line":22,"column":18},"end":{"line":22,"column":28}},"18":{"start":{"line":18,"column":13},"end":{"line":18,"column":22}},"19":{"start":{"line":25,"column":22},"end":{"line":30,"column":1}},"20":{"start":{"line":26,"column":2},"end":{"line":29,"column":30}},"21":{"start":{"line":27,"column":14},"end":{"line":27,"column":58}},"22":{"start":{"line":28,"column":4},"end":{"line":28,"column":31}},"23":{"start":{"line":29,"column":18},"end":{"line":29,"column":28}},"24":{"start":{"line":25,"column":13},"end":{"line":25,"column":22}}},"fnMap":{"0":{"name":"(anonymous_9)","decl":{"start":{"line":4,"column":22},"end":{"line":4,"column":27}},"loc":{"start":{"line":4,"column":80},"end":{"line":9,"column":1}}},"1":{"name":"(anonymous_10)","decl":{"start":{"line":11,"column":20},"end":{"line":11,"column":25}},"loc":{"start":{"line":11,"column":79},"end":{"line":16,"column":1}}},"2":{"name":"(anonymous_11)","decl":{"start":{"line":18,"column":22},"end":{"line":18,"column":27}},"loc":{"start":{"line":18,"column":80},"end":{"line":23,"column":1}}},"3":{"name":"(anonymous_12)","decl":{"start":{"line":25,"column":22},"end":{"line":25,"column":27}},"loc":{"start":{"line":25,"column":80},"end":{"line":30,"column":1}}}},"branchMap":{},"s":{"0":2,"1":2,"2":1,"3":1,"4":1,"5":0,"6":2,"7":2,"8":1,"9":1,"10":1,"11":0,"12":2,"13":2,"14":0,"15":0,"16":0,"17":0,"18":2,"19":2,"20":0,"21":0,"22":0,"23":0,"24":2},"f":{"0":1,"1":1,"2":0,"3":0},"b":{}}
,"/home/marka/projects/users-backend-typescript/src/controllers/user.controller.ts": {"path":"/home/marka/projects/users-backend-typescript/src/controllers/user.controller.ts","statementMap":{"0":{"start":{"line":2,"column":0},"end":{"line":2,"column":56}},"1":{"start":{"line":4,"column":22},"end":{"line":9,"column":1}},"2":{"start":{"line":5,"column":2},"end":{"line":8,"column":30}},"3":{"start":{"line":6,"column":17},"end":{"line":6,"column":55}},"4":{"start":{"line":7,"column":4},"end":{"line":7,"column":31}},"5":{"start":{"line":8,"column":18},"end":{"line":8,"column":28}},"6":{"start":{"line":4,"column":13},"end":{"line":4,"column":22}},"7":{"start":{"line":11,"column":20},"end":{"line":18,"column":1}},"8":{"start":{"line":12,"column":2},"end":{"line":17,"column":30}},"9":{"start":{"line":13,"column":24},"end":{"line":13,"column":26}},"10":{"start":{"line":14,"column":4},"end":{"line":14,"column":88}},"11":{"start":{"line":14,"column":32},"end":{"line":14,"column":88}},"12":{"start":{"line":15,"column":18},"end":{"line":15,"column":53}},"13":{"start":{"line":16,"column":4},"end":{"line":16,"column":20}},"14":{"start":{"line":17,"column":18},"end":{"line":17,"column":28}},"15":{"start":{"line":11,"column":13},"end":{"line":11,"column":20}},"16":{"start":{"line":20,"column":22},"end":{"line":33,"column":1}},"17":{"start":{"line":21,"column":2},"end":{"line":32,"column":30}},"18":{"start":{"line":29,"column":17},"end":{"line":29,"column":63}},"19":{"start":{"line":30,"column":4},"end":{"line":30,"column":74}},"20":{"start":{"line":30,"column":15},"end":{"line":30,"column":74}},"21":{"start":{"line":31,"column":4},"end":{"line":31,"column":19}},"22":{"start":{"line":32,"column":18},"end":{"line":32,"column":28}},"23":{"start":{"line":20,"column":13},"end":{"line":20,"column":22}},"24":{"start":{"line":35,"column":22},"end":{"line":40,"column":1}},"25":{"start":{"line":36,"column":2},"end":{"line":39,"column":30}},"26":{"start":{"line":37,"column":17},"end":{"line":37,"column":71}},"27":{"start":{"line":38,"column":4},"end":{"line":38,"column":19}},"28":{"start":{"line":39,"column":18},"end":{"line":39,"column":28}},"29":{"start":{"line":35,"column":13},"end":{"line":35,"column":22}},"30":{"start":{"line":42,"column":22},"end":{"line":47,"column":1}},"31":{"start":{"line":43,"column":2},"end":{"line":46,"column":30}},"32":{"start":{"line":44,"column":14},"end":{"line":44,"column":58}},"33":{"start":{"line":45,"column":4},"end":{"line":45,"column":31}},"34":{"start":{"line":46,"column":18},"end":{"line":46,"column":28}},"35":{"start":{"line":42,"column":13},"end":{"line":42,"column":22}}},"fnMap":{"0":{"name":"(anonymous_9)","decl":{"start":{"line":4,"column":22},"end":{"line":4,"column":27}},"loc":{"start":{"line":4,"column":80},"end":{"line":9,"column":1}}},"1":{"name":"(anonymous_10)","decl":{"start":{"line":11,"column":20},"end":{"line":11,"column":25}},"loc":{"start":{"line":11,"column":78},"end":{"line":18,"column":1}}},"2":{"name":"(anonymous_11)","decl":{"start":{"line":20,"column":22},"end":{"line":20,"column":27}},"loc":{"start":{"line":20,"column":80},"end":{"line":33,"column":1}}},"3":{"name":"(anonymous_12)","decl":{"start":{"line":35,"column":22},"end":{"line":35,"column":27}},"loc":{"start":{"line":35,"column":80},"end":{"line":40,"column":1}}},"4":{"name":"(anonymous_13)","decl":{"start":{"line":42,"column":22},"end":{"line":42,"column":27}},"loc":{"start":{"line":42,"column":80},"end":{"line":47,"column":1}}}},"branchMap":{"0":{"loc":{"start":{"line":14,"column":4},"end":{"line":14,"column":88}},"type":"if","locations":[{"start":{"line":14,"column":4},"end":{"line":14,"column":88}}]},"1":{"loc":{"start":{"line":30,"column":4},"end":{"line":30,"column":74}},"type":"if","locations":[{"start":{"line":30,"column":4},"end":{"line":30,"column":74}}]}},"s":{"0":2,"1":2,"2":0,"3":0,"4":0,"5":0,"6":2,"7":2,"8":1,"9":1,"10":1,"11":0,"12":1,"13":1,"14":0,"15":2,"16":2,"17":0,"18":0,"19":0,"20":0,"21":0,"22":0,"23":2,"24":2,"25":0,"26":0,"27":0,"28":0,"29":2,"30":2,"31":0,"32":0,"33":0,"34":0,"35":2},"f":{"0":0,"1":1,"2":0,"3":0,"4":0},"b":{"0":[0],"1":[0]}}
,"/home/marka/projects/users-backend-typescript/src/middlewares/auth.middleware.ts": {"path":"/home/marka/projects/users-backend-typescript/src/middlewares/auth.middleware.ts","statementMap":{"0":{"start":{"line":2,"column":0},"end":{"line":2,"column":47}},"1":{"start":{"line":3,"column":0},"end":{"line":3,"column":28}},"2":{"start":{"line":4,"column":0},"end":{"line":4,"column":16}},"3":{"start":{"line":22,"column":19},"end":{"line":22,"column":41}},"4":{"start":{"line":24,"column":0},"end":{"line":26,"column":1}},"5":{"start":{"line":25,"column":2},"end":{"line":25,"column":65}},"6":{"start":{"line":28,"column":28},"end":{"line":59,"column":1}},"7":{"start":{"line":39,"column":17},"end":{"line":39,"column":42}},"8":{"start":{"line":41,"column":2},"end":{"line":44,"column":3}},"9":{"start":{"line":42,"column":4},"end":{"line":42,"column":81}},"10":{"start":{"line":43,"column":4},"end":{"line":43,"column":11}},"11":{"start":{"line":46,"column":16},"end":{"line":46,"column":36}},"12":{"start":{"line":48,"column":2},"end":{"line":50,"column":3}},"13":{"start":{"line":49,"column":4},"end":{"line":49,"column":77}},"14":{"start":{"line":52,"column":2},"end":{"line":58,"column":3}},"15":{"start":{"line":53,"column":20},"end":{"line":53,"column":49}},"16":{"start":{"line":54,"column":4},"end":{"line":54,"column":23}},"17":{"start":{"line":55,"column":4},"end":{"line":55,"column":11}},"18":{"start":{"line":57,"column":4},"end":{"line":57,"column":66}},"19":{"start":{"line":28,"column":13},"end":{"line":28,"column":28}}},"fnMap":{"0":{"name":"(anonymous_1)","decl":{"start":{"line":28,"column":28},"end":{"line":28,"column":29}},"loc":{"start":{"line":28,"column":80},"end":{"line":59,"column":1}}}},"branchMap":{"0":{"loc":{"start":{"line":24,"column":0},"end":{"line":26,"column":1}},"type":"if","locations":[{"start":{"line":24,"column":0},"end":{"line":26,"column":1}}]},"1":{"loc":{"start":{"line":41,"column":2},"end":{"line":44,"column":3}},"type":"if","locations":[{"start":{"line":41,"column":2},"end":{"line":44,"column":3}}]},"2":{"loc":{"start":{"line":41,"column":6},"end":{"line":41,"column":46}},"type":"binary-expr","locations":[{"start":{"line":41,"column":6},"end":{"line":41,"column":13}},{"start":{"line":41,"column":17},"end":{"line":41,"column":46}}]},"3":{"loc":{"start":{"line":48,"column":2},"end":{"line":50,"column":3}},"type":"if","locations":[{"start":{"line":48,"column":2},"end":{"line":50,"column":3}}]}},"s":{"0":4,"1":4,"2":4,"3":4,"4":4,"5":0,"6":4,"7":4,"8":4,"9":0,"10":0,"11":4,"12":4,"13":0,"14":4,"15":4,"16":4,"17":4,"18":0,"19":4},"f":{"0":4},"b":{"0":[0],"1":[0],"2":[4,4],"3":[0]}}
,"/home/marka/projects/users-backend-typescript/src/middlewares/error.middleware.ts": {"path":"/home/marka/projects/users-backend-typescript/src/middlewares/error.middleware.ts","statementMap":{"0":{"start":{"line":3,"column":28},"end":{"line":7,"column":1}},"1":{"start":{"line":4,"column":2},"end":{"line":4,"column":21}},"2":{"start":{"line":5,"column":17},"end":{"line":5,"column":34}},"3":{"start":{"line":6,"column":2},"end":{"line":6,"column":79}},"4":{"start":{"line":3,"column":13},"end":{"line":3,"column":28}}},"fnMap":{"0":{"name":"(anonymous_0)","decl":{"start":{"line":3,"column":28},"end":{"line":3,"column":29}},"loc":{"start":{"line":3,"column":92},"end":{"line":7,"column":1}}}},"branchMap":{"0":{"loc":{"start":{"line":5,"column":17},"end":{"line":5,"column":34}},"type":"binary-expr","locations":[{"start":{"line":5,"column":17},"end":{"line":5,"column":27}},{"start":{"line":5,"column":31},"end":{"line":5,"column":34}}]},"1":{"loc":{"start":{"line":6,"column":37},"end":{"line":6,"column":75}},"type":"binary-expr","locations":[{"start":{"line":6,"column":37},"end":{"line":6,"column":48}},{"start":{"line":6,"column":52},"end":{"line":6,"column":75}}]}},"s":{"0":1,"1":0,"2":0,"3":0,"4":1},"f":{"0":0},"b":{"0":[0,0],"1":[0,0]}}
,"/home/marka/projects/users-backend-typescript/src/middlewares/notFound.middleware.ts": {"path":"/home/marka/projects/users-backend-typescript/src/middlewares/notFound.middleware.ts","statementMap":{"0":{"start":{"line":2,"column":24},"end":{"line":4,"column":1}},"1":{"start":{"line":3,"column":2},"end":{"line":3,"column":49}},"2":{"start":{"line":2,"column":13},"end":{"line":2,"column":24}}},"fnMap":{"0":{"name":"(anonymous_0)","decl":{"start":{"line":2,"column":24},"end":{"line":2,"column":25}},"loc":{"start":{"line":2,"column":57},"end":{"line":4,"column":1}}}},"branchMap":{},"s":{"0":1,"1":0,"2":1},"f":{"0":0},"b":{}}
,"/home/marka/projects/users-backend-typescript/src/middlewares/user.middleware.ts": {"path":"/home/marka/projects/users-backend-typescript/src/middlewares/user.middleware.ts","statementMap":{"0":{"start":{"line":4,"column":28},"end":{"line":17,"column":1}},"1":{"start":{"line":6,"column":2},"end":{"line":16,"column":3}},"2":{"start":{"line":7,"column":27},"end":{"line":7,"column":91}},"3":{"start":{"line":7,"column":61},"end":{"line":7,"column":89}},"4":{"start":{"line":8,"column":4},"end":{"line":11,"column":5}},"5":{"start":{"line":9,"column":6},"end":{"line":9,"column":null}},"6":{"start":{"line":10,"column":6},"end":{"line":10,"column":86}},"7":{"start":{"line":13,"column":4},"end":{"line":13,"column":11}},"8":{"start":{"line":15,"column":4},"end":{"line":15,"column":66}},"9":{"start":{"line":4,"column":13},"end":{"line":4,"column":28}}},"fnMap":{"0":{"name":"(anonymous_0)","decl":{"start":{"line":4,"column":28},"end":{"line":4,"column":29}},"loc":{"start":{"line":4,"column":80},"end":{"line":17,"column":1}}},"1":{"name":"(anonymous_1)","decl":{"start":{"line":7,"column":47},"end":{"line":7,"column":48}},"loc":{"start":{"line":7,"column":61},"end":{"line":7,"column":89}}}},"branchMap":{"0":{"loc":{"start":{"line":7,"column":61},"end":{"line":7,"column":89}},"type":"binary-expr","locations":[{"start":{"line":7,"column":61},"end":{"line":7,"column":77}},{"start":{"line":7,"column":81},"end":{"line":7,"column":89}}]},"1":{"loc":{"start":{"line":8,"column":4},"end":{"line":11,"column":5}},"type":"if","locations":[{"start":{"line":8,"column":4},"end":{"line":11,"column":5}}]}},"s":{"0":2,"1":1,"2":1,"3":0,"4":0,"5":0,"6":0,"7":0,"8":1,"9":2},"f":{"0":1,"1":0},"b":{"0":[0,0],"1":[0]}}
,"/home/marka/projects/users-backend-typescript/src/middlewares/validate.middleware.ts": {"path":"/home/marka/projects/users-backend-typescript/src/middlewares/validate.middleware.ts","statementMap":{"0":{"start":{"line":4,"column":24},"end":{"line":16,"column":1}},"1":{"start":{"line":4,"column":52},"end":{"line":16,"column":1}},"2":{"start":{"line":5,"column":2},"end":{"line":15,"column":3}},"3":{"start":{"line":6,"column":23},"end":{"line":10,"column":6}},"4":{"start":{"line":11,"column":4},"end":{"line":11,"column":34}},"5":{"start":{"line":12,"column":4},"end":{"line":12,"column":11}},"6":{"start":{"line":14,"column":4},"end":{"line":14,"column":96}},"7":{"start":{"line":4,"column":13},"end":{"line":4,"column":24}}},"fnMap":{"0":{"name":"(anonymous_0)","decl":{"start":{"line":4,"column":24},"end":{"line":4,"column":25}},"loc":{"start":{"line":4,"column":52},"end":{"line":16,"column":1}}},"1":{"name":"(anonymous_1)","decl":{"start":{"line":4,"column":52},"end":{"line":4,"column":53}},"loc":{"start":{"line":4,"column":104},"end":{"line":16,"column":1}}}},"branchMap":{"0":{"loc":{"start":{"line":14,"column":43},"end":{"line":14,"column":92}},"type":"binary-expr","locations":[{"start":{"line":14,"column":43},"end":{"line":14,"column":54}},{"start":{"line":14,"column":58},"end":{"line":14,"column":70}},{"start":{"line":14,"column":74},"end":{"line":14,"column":92}}]}},"s":{"0":4,"1":12,"2":5,"3":5,"4":5,"5":5,"6":0,"7":4},"f":{"0":12,"1":5},"b":{"0":[0,0,0]}}
,"/home/marka/projects/users-backend-typescript/src/middlewares/validateObjectId.middleware.ts": {"path":"/home/marka/projects/users-backend-typescript/src/middlewares/validateObjectId.middleware.ts","statementMap":{"0":{"start":{"line":2,"column":0},"end":{"line":2,"column":32}},"1":{"start":{"line":6,"column":2},"end":{"line":13,"column":5}},"2":{"start":{"line":7,"column":4},"end":{"line":13,"column":5}},"3":{"start":{"line":8,"column":20},"end":{"line":8,"column":37}},"4":{"start":{"line":9,"column":6},"end":{"line":11,"column":7}},"5":{"start":{"line":10,"column":8},"end":{"line":10,"column":63}},"6":{"start":{"line":12,"column":6},"end":{"line":12,"column":13}},"7":{"start":{"line":4,"column":13},"end":{"line":4,"column":null}}},"fnMap":{"0":{"name":"(anonymous_1)","decl":{"start":{"line":6,"column":2},"end":{"line":6,"column":3}},"loc":{"start":{"line":7,"column":4},"end":{"line":13,"column":5}}},"1":{"name":"(anonymous_2)","decl":{"start":{"line":7,"column":4},"end":{"line":7,"column":5}},"loc":{"start":{"line":7,"column":56},"end":{"line":13,"column":5}}}},"branchMap":{"0":{"loc":{"start":{"line":6,"column":3},"end":{"line":6,"column":15}},"type":"default-arg","locations":[{"start":{"line":6,"column":11},"end":{"line":6,"column":15}}]},"1":{"loc":{"start":{"line":9,"column":6},"end":{"line":11,"column":7}},"type":"if","locations":[{"start":{"line":9,"column":6},"end":{"line":11,"column":7}}]},"2":{"loc":{"start":{"line":9,"column":10},"end":{"line":9,"column":59}},"type":"binary-expr","locations":[{"start":{"line":9,"column":10},"end":{"line":9,"column":16}},{"start":{"line":9,"column":20},"end":{"line":9,"column":59}}]}},"s":{"0":3,"1":3,"2":10,"3":0,"4":0,"5":0,"6":0,"7":3},"f":{"0":10,"1":0},"b":{"0":[0],"1":[0],"2":[0,0]}}
,"/home/marka/projects/users-backend-typescript/src/models/role.model.ts": {"path":"/home/marka/projects/users-backend-typescript/src/models/role.model.ts","statementMap":{"0":{"start":{"line":1,"column":0},"end":{"line":1,"column":58}},"1":{"start":{"line":10,"column":19},"end":{"line":17,"column":2}},"2":{"start":{"line":19,"column":0},"end":{"line":19,"column":48}}},"fnMap":{},"branchMap":{},"s":{"0":4,"1":4,"2":4},"f":{},"b":{}}
,"/home/marka/projects/users-backend-typescript/src/models/user.model.ts": {"path":"/home/marka/projects/users-backend-typescript/src/models/user.model.ts","statementMap":{"0":{"start":{"line":1,"column":0},"end":{"line":1,"column":58}},"1":{"start":{"line":18,"column":20},"end":{"line":18,"column":87}},"2":{"start":{"line":20,"column":19},"end":{"line":35,"column":2}},"3":{"start":{"line":37,"column":0},"end":{"line":37,"column":48}}},"fnMap":{},"branchMap":{},"s":{"0":4,"1":4,"2":4,"3":4},"f":{},"b":{}}
,"/home/marka/projects/users-backend-typescript/src/routes/auth.routes.ts": {"path":"/home/marka/projects/users-backend-typescript/src/routes/auth.routes.ts","statementMap":{"0":{"start":{"line":1,"column":0},"end":{"line":1,"column":33}},"1":{"start":{"line":2,"column":0},"end":{"line":2,"column":59}},"2":{"start":{"line":3,"column":0},"end":{"line":3,"column":62}},"3":{"start":{"line":4,"column":0},"end":{"line":4,"column":75}},"4":{"start":{"line":5,"column":0},"end":{"line":5,"column":62}},"5":{"start":{"line":7,"column":15},"end":{"line":7,"column":23}},"6":{"start":{"line":34,"column":0},"end":{"line":34,"column":70}},"7":{"start":{"line":59,"column":0},"end":{"line":59,"column":61}},"8":{"start":{"line":75,"column":0},"end":{"line":75,"column":45}},"9":{"start":{"line":77,"column":0},"end":{"line":77,"column":22}}},"fnMap":{},"branchMap":{},"s":{"0":2,"1":2,"2":2,"3":2,"4":2,"5":2,"6":2,"7":2,"8":2,"9":2},"f":{},"b":{}}
,"/home/marka/projects/users-backend-typescript/src/routes/role.routes.ts": {"path":"/home/marka/projects/users-backend-typescript/src/routes/role.routes.ts","statementMap":{"0":{"start":{"line":1,"column":0},"end":{"line":1,"column":33}},"1":{"start":{"line":2,"column":0},"end":{"line":2,"column":59}},"2":{"start":{"line":3,"column":0},"end":{"line":3,"column":62}},"3":{"start":{"line":4,"column":0},"end":{"line":4,"column":82}},"4":{"start":{"line":5,"column":0},"end":{"line":5,"column":62}},"5":{"start":{"line":6,"column":0},"end":{"line":6,"column":78}},"6":{"start":{"line":8,"column":15},"end":{"line":8,"column":23}},"7":{"start":{"line":22,"column":0},"end":{"line":22,"column":45}},"8":{"start":{"line":49,"column":0},"end":{"line":49,"column":76}},"9":{"start":{"line":82,"column":0},"end":{"line":82,"column":102}},"10":{"start":{"line":102,"column":0},"end":{"line":102,"column":77}},"11":{"start":{"line":104,"column":0},"end":{"line":104,"column":22}}},"fnMap":{},"branchMap":{},"s":{"0":2,"1":2,"2":2,"3":2,"4":2,"5":2,"6":2,"7":2,"8":2,"9":2,"10":2,"11":2},"f":{},"b":{}}
,"/home/marka/projects/users-backend-typescript/src/routes/user.routes.ts": {"path":"/home/marka/projects/users-backend-typescript/src/routes/user.routes.ts","statementMap":{"0":{"start":{"line":1,"column":0},"end":{"line":1,"column":33}},"1":{"start":{"line":2,"column":0},"end":{"line":2,"column":59}},"2":{"start":{"line":3,"column":0},"end":{"line":3,"column":62}},"3":{"start":{"line":4,"column":0},"end":{"line":4,"column":82}},"4":{"start":{"line":5,"column":0},"end":{"line":5,"column":78}},"5":{"start":{"line":6,"column":0},"end":{"line":6,"column":62}},"6":{"start":{"line":7,"column":0},"end":{"line":7,"column":62}},"7":{"start":{"line":9,"column":15},"end":{"line":9,"column":23}},"8":{"start":{"line":23,"column":0},"end":{"line":23,"column":45}},"9":{"start":{"line":54,"column":0},"end":{"line":54,"column":90}},"10":{"start":{"line":77,"column":0},"end":{"line":77,"column":88}},"11":{"start":{"line":113,"column":0},"end":{"line":113,"column":116}},"12":{"start":{"line":135,"column":0},"end":{"line":135,"column":91}},"13":{"start":{"line":137,"column":0},"end":{"line":137,"column":22}}},"fnMap":{},"branchMap":{},"s":{"0":2,"1":2,"2":2,"3":2,"4":2,"5":2,"6":2,"7":2,"8":2,"9":2,"10":2,"11":2,"12":2,"13":2},"f":{},"b":{}}
,"/home/marka/projects/users-backend-typescript/src/services/auth.service.ts": {"path":"/home/marka/projects/users-backend-typescript/src/services/auth.service.ts","statementMap":{"0":{"start":{"line":1,"column":0},"end":{"line":1,"column":40}},"1":{"start":{"line":2,"column":0},"end":{"line":2,"column":31}},"2":{"start":{"line":3,"column":0},"end":{"line":3,"column":28}},"3":{"start":{"line":4,"column":0},"end":{"line":4,"column":27}},"4":{"start":{"line":7,"column":0},"end":{"line":7,"column":16}},"5":{"start":{"line":9,"column":19},"end":{"line":9,"column":56}},"6":{"start":{"line":10,"column":20},"end":{"line":10,"column":24}},"7":{"start":{"line":12,"column":24},"end":{"line":17,"column":1}},"8":{"start":{"line":14,"column":15},"end":{"line":14,"column":29}},"9":{"start":{"line":15,"column":2},"end":{"line":15,"column":20}},"10":{"start":{"line":16,"column":2},"end":{"line":16,"column":14}},"11":{"start":{"line":12,"column":13},"end":{"line":12,"column":24}},"12":{"start":{"line":19,"column":21},"end":{"line":29,"column":1}},"13":{"start":{"line":20,"column":15},"end":{"line":20,"column":65}},"14":{"start":{"line":21,"column":2},"end":{"line":21,"column":25}},"15":{"start":{"line":21,"column":13},"end":{"line":21,"column":25}},"16":{"start":{"line":23,"column":16},"end":{"line":23,"column":61}},"17":{"start":{"line":24,"column":2},"end":{"line":24,"column":26}},"18":{"start":{"line":24,"column":14},"end":{"line":24,"column":26}},"19":{"start":{"line":26,"column":31},"end":{"line":26,"column":102}},"20":{"start":{"line":27,"column":16},"end":{"line":27,"column":80}},"21":{"start":{"line":28,"column":2},"end":{"line":28,"column":25}},"22":{"start":{"line":19,"column":13},"end":{"line":19,"column":21}}},"fnMap":{"0":{"name":"(anonymous_1)","decl":{"start":{"line":12,"column":24},"end":{"line":12,"column":29}},"loc":{"start":{"line":12,"column":44},"end":{"line":17,"column":1}}},"1":{"name":"(anonymous_2)","decl":{"start":{"line":19,"column":21},"end":{"line":19,"column":26}},"loc":{"start":{"line":19,"column":66},"end":{"line":29,"column":1}}}},"branchMap":{"0":{"loc":{"start":{"line":9,"column":19},"end":{"line":9,"column":56}},"type":"binary-expr","locations":[{"start":{"line":9,"column":19},"end":{"line":9,"column":41}},{"start":{"line":9,"column":45},"end":{"line":9,"column":56}}]},"1":{"loc":{"start":{"line":21,"column":2},"end":{"line":21,"column":25}},"type":"if","locations":[{"start":{"line":21,"column":2},"end":{"line":21,"column":25}}]},"2":{"loc":{"start":{"line":24,"column":2},"end":{"line":24,"column":26}},"type":"if","locations":[{"start":{"line":24,"column":2},"end":{"line":24,"column":26}}]},"3":{"loc":{"start":{"line":26,"column":65},"end":{"line":26,"column":81}},"type":"binary-expr","locations":[{"start":{"line":26,"column":65},"end":{"line":26,"column":75}},{"start":{"line":26,"column":79},"end":{"line":26,"column":81}}]}},"s":{"0":2,"1":2,"2":2,"3":2,"4":2,"5":2,"6":2,"7":2,"8":0,"9":0,"10":0,"11":2,"12":2,"13":3,"14":3,"15":0,"16":3,"17":3,"18":1,"19":2,"20":2,"21":2,"22":2},"f":{"0":0,"1":3},"b":{"0":[2,0],"1":[0],"2":[1],"3":[2,2]}}
,"/home/marka/projects/users-backend-typescript/src/services/role.service.ts": {"path":"/home/marka/projects/users-backend-typescript/src/services/role.service.ts","statementMap":{"0":{"start":{"line":1,"column":0},"end":{"line":1,"column":51}},"1":{"start":{"line":3,"column":26},"end":{"line":6,"column":1}},"2":{"start":{"line":4,"column":12},"end":{"line":4,"column":29}},"3":{"start":{"line":5,"column":2},"end":{"line":5,"column":18}},"4":{"start":{"line":3,"column":13},"end":{"line":3,"column":26}},"5":{"start":{"line":8,"column":28},"end":{"line":10,"column":1}},"6":{"start":{"line":9,"column":2},"end":{"line":9,"column":28}},"7":{"start":{"line":8,"column":13},"end":{"line":8,"column":28}},"8":{"start":{"line":12,"column":30},"end":{"line":14,"column":1}},"9":{"start":{"line":13,"column":2},"end":{"line":13,"column":42}},"10":{"start":{"line":12,"column":13},"end":{"line":12,"column":30}},"11":{"start":{"line":16,"column":28},"end":{"line":18,"column":1}},"12":{"start":{"line":17,"column":2},"end":{"line":17,"column":27}},"13":{"start":{"line":16,"column":13},"end":{"line":16,"column":28}},"14":{"start":{"line":20,"column":26},"end":{"line":23,"column":1}},"15":{"start":{"line":21,"column":2},"end":{"line":21,"column":27}},"16":{"start":{"line":22,"column":2},"end":{"line":22,"column":60}},"17":{"start":{"line":20,"column":13},"end":{"line":20,"column":26}},"18":{"start":{"line":25,"column":26},"end":{"line":27,"column":1}},"19":{"start":{"line":26,"column":2},"end":{"line":26,"column":36}},"20":{"start":{"line":25,"column":13},"end":{"line":25,"column":26}}},"fnMap":{"0":{"name":"(anonymous_1)","decl":{"start":{"line":3,"column":26},"end":{"line":3,"column":31}},"loc":{"start":{"line":3,"column":60},"end":{"line":6,"column":1}}},"1":{"name":"(anonymous_2)","decl":{"start":{"line":8,"column":28},"end":{"line":8,"column":33}},"loc":{"start":{"line":8,"column":39},"end":{"line":10,"column":1}}},"2":{"name":"(anonymous_3)","decl":{"start":{"line":12,"column":30},"end":{"line":12,"column":35}},"loc":{"start":{"line":12,"column":57},"end":{"line":14,"column":1}}},"3":{"name":"(anonymous_4)","decl":{"start":{"line":16,"column":28},"end":{"line":16,"column":33}},"loc":{"start":{"line":16,"column":49},"end":{"line":18,"column":1}}},"4":{"name":"(anonymous_5)","decl":{"start":{"line":20,"column":26},"end":{"line":20,"column":31}},"loc":{"start":{"line":20,"column":72},"end":{"line":23,"column":1}}},"5":{"name":"(anonymous_6)","decl":{"start":{"line":25,"column":26},"end":{"line":25,"column":31}},"loc":{"start":{"line":25,"column":47},"end":{"line":27,"column":1}}}},"branchMap":{},"s":{"0":2,"1":2,"2":1,"3":1,"4":2,"5":2,"6":1,"7":2,"8":2,"9":0,"10":2,"11":2,"12":0,"13":2,"14":2,"15":0,"16":0,"17":2,"18":2,"19":0,"20":2},"f":{"0":1,"1":1,"2":0,"3":0,"4":0,"5":0},"b":{}}
,"/home/marka/projects/users-backend-typescript/src/services/user.service.ts": {"path":"/home/marka/projects/users-backend-typescript/src/services/user.service.ts","statementMap":{"0":{"start":{"line":1,"column":0},"end":{"line":1,"column":51}},"1":{"start":{"line":2,"column":0},"end":{"line":2,"column":51}},"2":{"start":{"line":4,"column":0},"end":{"line":4,"column":28}},"3":{"start":{"line":6,"column":20},"end":{"line":6,"column":65}},"4":{"start":{"line":10,"column":26},"end":{"line":30,"column":1}},"5":{"start":{"line":11,"column":2},"end":{"line":14,"column":3}},"6":{"start":{"line":12,"column":17},"end":{"line":12,"column":65}},"7":{"start":{"line":13,"column":4},"end":{"line":13,"column":28}},"8":{"start":{"line":16,"column":34},"end":{"line":16,"column":36}},"9":{"start":{"line":17,"column":2},"end":{"line":17,"column":38}},"10":{"start":{"line":18,"column":2},"end":{"line":26,"column":3}},"11":{"start":{"line":19,"column":4},"end":{"line":19,"column":35}},"12":{"start":{"line":21,"column":31},"end":{"line":21,"column":69}},"13":{"start":{"line":22,"column":4},"end":{"line":24,"column":5}},"14":{"start":{"line":23,"column":6},"end":{"line":23,"column":103}},"15":{"start":{"line":25,"column":4},"end":{"line":25,"column":27}},"16":{"start":{"line":28,"column":15},"end":{"line":28,"column":55}},"17":{"start":{"line":29,"column":2},"end":{"line":29,"column":21}},"18":{"start":{"line":10,"column":13},"end":{"line":10,"column":26}},"19":{"start":{"line":32,"column":25},"end":{"line":34,"column":1}},"20":{"start":{"line":33,"column":2},"end":{"line":33,"column":52}},"21":{"start":{"line":32,"column":13},"end":{"line":32,"column":25}},"22":{"start":{"line":36,"column":28},"end":{"line":38,"column":1}},"23":{"start":{"line":37,"column":2},"end":{"line":37,"column":52}},"24":{"start":{"line":36,"column":13},"end":{"line":36,"column":28}},"25":{"start":{"line":40,"column":34},"end":{"line":42,"column":1}},"26":{"start":{"line":41,"column":2},"end":{"line":41,"column":54}},"27":{"start":{"line":40,"column":13},"end":{"line":40,"column":34}},"28":{"start":{"line":44,"column":26},"end":{"line":50,"column":1}},"29":{"start":{"line":45,"column":2},"end":{"line":48,"column":3}},"30":{"start":{"line":46,"column":17},"end":{"line":46,"column":65}},"31":{"start":{"line":47,"column":4},"end":{"line":47,"column":28}},"32":{"start":{"line":49,"column":2},"end":{"line":49,"column":78}},"33":{"start":{"line":44,"column":13},"end":{"line":44,"column":26}},"34":{"start":{"line":52,"column":26},"end":{"line":54,"column":1}},"35":{"start":{"line":53,"column":2},"end":{"line":53,"column":36}},"36":{"start":{"line":52,"column":13},"end":{"line":52,"column":26}}},"fnMap":{"0":{"name":"(anonymous_1)","decl":{"start":{"line":10,"column":26},"end":{"line":10,"column":31}},"loc":{"start":{"line":10,"column":60},"end":{"line":30,"column":1}}},"1":{"name":"(anonymous_2)","decl":{"start":{"line":32,"column":25},"end":{"line":32,"column":30}},"loc":{"start":{"line":32,"column":52},"end":{"line":34,"column":1}}},"2":{"name":"(anonymous_3)","decl":{"start":{"line":36,"column":28},"end":{"line":36,"column":33}},"loc":{"start":{"line":36,"column":49},"end":{"line":38,"column":1}}},"3":{"name":"(anonymous_4)","decl":{"start":{"line":40,"column":34},"end":{"line":40,"column":39}},"loc":{"start":{"line":40,"column":61},"end":{"line":42,"column":1}}},"4":{"name":"(anonymous_5)","decl":{"start":{"line":44,"column":26},"end":{"line":44,"column":31}},"loc":{"start":{"line":44,"column":72},"end":{"line":50,"column":1}}},"5":{"name":"(anonymous_6)","decl":{"start":{"line":52,"column":26},"end":{"line":52,"column":31}},"loc":{"start":{"line":52,"column":47},"end":{"line":54,"column":1}}}},"branchMap":{"0":{"loc":{"start":{"line":6,"column":29},"end":{"line":6,"column":60}},"type":"binary-expr","locations":[{"start":{"line":6,"column":29},"end":{"line":6,"column":52}},{"start":{"line":6,"column":56},"end":{"line":6,"column":60}}]},"1":{"loc":{"start":{"line":11,"column":2},"end":{"line":14,"column":3}},"type":"if","locations":[{"start":{"line":11,"column":2},"end":{"line":14,"column":3}}]},"2":{"loc":{"start":{"line":18,"column":2},"end":{"line":26,"column":3}},"type":"if","locations":[{"start":{"line":18,"column":2},"end":{"line":26,"column":3}},{"start":{"line":20,"column":9},"end":{"line":26,"column":3}}]},"3":{"loc":{"start":{"line":18,"column":6},"end":{"line":18,"column":47}},"type":"binary-expr","locations":[{"start":{"line":18,"column":6},"end":{"line":18,"column":19}},{"start":{"line":18,"column":23},"end":{"line":18,"column":47}}]},"4":{"loc":{"start":{"line":22,"column":4},"end":{"line":24,"column":5}},"type":"if","locations":[{"start":{"line":22,"column":4},"end":{"line":24,"column":5}}]},"5":{"loc":{"start":{"line":32,"column":32},"end":{"line":32,"column":48}},"type":"default-arg","locations":[{"start":{"line":32,"column":46},"end":{"line":32,"column":48}}]},"6":{"loc":{"start":{"line":45,"column":2},"end":{"line":48,"column":3}},"type":"if","locations":[{"start":{"line":45,"column":2},"end":{"line":48,"column":3}}]}},"s":{"0":3,"1":3,"2":3,"3":3,"4":3,"5":3,"6":3,"7":3,"8":3,"9":3,"10":3,"11":0,"12":3,"13":3,"14":1,"15":3,"16":3,"17":3,"18":3,"19":3,"20":1,"21":3,"22":3,"23":0,"24":3,"25":3,"26":1,"27":3,"28":3,"29":0,"30":0,"31":0,"32":0,"33":3,"34":3,"35":0,"36":3},"f":{"0":3,"1":1,"2":0,"3":1,"4":0,"5":0},"b":{"0":[3,2],"1":[3],"2":[0,3],"3":[3,0],"4":[1],"5":[0],"6":[0]}}
,"/home/marka/projects/users-backend-typescript/src/utils/db.ts": {"path":"/home/marka/projects/users-backend-typescript/src/utils/db.ts","statementMap":{"0":{"start":{"line":1,"column":0},"end":{"line":1,"column":32}},"1":{"start":{"line":2,"column":0},"end":{"line":2,"column":28}},"2":{"start":{"line":3,"column":0},"end":{"line":3,"column":16}},"3":{"start":{"line":5,"column":18},"end":{"line":5,"column":82}},"4":{"start":{"line":7,"column":25},"end":{"line":15,"column":1}},"5":{"start":{"line":8,"column":2},"end":{"line":14,"column":3}},"6":{"start":{"line":9,"column":4},"end":{"line":9,"column":38}},"7":{"start":{"line":10,"column":4},"end":{"line":10,"column":37}},"8":{"start":{"line":12,"column":4},"end":{"line":12,"column":52}},"9":{"start":{"line":13,"column":4},"end":{"line":13,"column":20}},"10":{"start":{"line":7,"column":13},"end":{"line":7,"column":25}}},"fnMap":{"0":{"name":"(anonymous_1)","decl":{"start":{"line":7,"column":25},"end":{"line":7,"column":30}},"loc":{"start":{"line":7,"column":36},"end":{"line":15,"column":1}}}},"branchMap":{"0":{"loc":{"start":{"line":5,"column":18},"end":{"line":5,"column":82}},"type":"binary-expr","locations":[{"start":{"line":5,"column":18},"end":{"line":5,"column":39}},{"start":{"line":5,"column":43},"end":{"line":5,"column":82}}]}},"s":{"0":1,"1":1,"2":1,"3":1,"4":1,"5":1,"6":1,"7":1,"8":0,"9":0,"10":1},"f":{"0":1},"b":{"0":[1,0]}}
,"/home/marka/projects/users-backend-typescript/src/validators/auth.validator.ts": {"path":"/home/marka/projects/users-backend-typescript/src/validators/auth.validator.ts","statementMap":{"0":{"start":{"line":1,"column":0},"end":{"line":1,"column":24}},"1":{"start":{"line":3,"column":13},"end":{"line":9,"column":3}},"2":{"start":{"line":11,"column":13},"end":{"line":14,"column":3}}},"fnMap":{},"branchMap":{},"s":{"0":2,"1":2,"2":2},"f":{},"b":{}}
,"/home/marka/projects/users-backend-typescript/src/validators/role.validator.ts": {"path":"/home/marka/projects/users-backend-typescript/src/validators/role.validator.ts","statementMap":{"0":{"start":{"line":1,"column":0},"end":{"line":1,"column":24}},"1":{"start":{"line":3,"column":13},"end":{"line":7,"column":3}},"2":{"start":{"line":9,"column":13},"end":{"line":9,"column":59}}},"fnMap":{},"branchMap":{},"s":{"0":2,"1":2,"2":2},"f":{},"b":{}}
,"/home/marka/projects/users-backend-typescript/src/validators/user.validator.ts": {"path":"/home/marka/projects/users-backend-typescript/src/validators/user.validator.ts","statementMap":{"0":{"start":{"line":1,"column":0},"end":{"line":1,"column":24}},"1":{"start":{"line":3,"column":13},"end":{"line":6,"column":3}},"2":{"start":{"line":8,"column":13},"end":{"line":14,"column":3}},"3":{"start":{"line":16,"column":13},"end":{"line":25,"column":3}},"4":{"start":{"line":27,"column":13},"end":{"line":27,"column":59}}},"fnMap":{},"branchMap":{},"s":{"0":2,"1":2,"2":2,"3":2,"4":2},"f":{},"b":{}}
}
