TN:
SF:src/app.ts
FNF:0
FNH:0
DA:1,1
DA:2,1
DA:3,1
DA:4,1
DA:5,1
DA:6,1
DA:7,1
DA:8,1
DA:9,1
DA:10,1
DA:12,1
DA:14,1
DA:16,1
DA:18,1
DA:19,1
DA:20,1
DA:27,1
DA:28,1
DA:29,1
DA:31,1
DA:32,1
DA:34,1
LF:22
LH:22
BRF:0
BRH:0
end_of_record
TN:
SF:src/swagger.ts
FN:46,(anonymous_1)
FNF:1
FNH:1
FNDA:1,(anonymous_1)
DA:1,1
DA:2,1
DA:3,1
DA:5,1
DA:6,1
DA:8,1
DA:44,1
DA:46,1
DA:47,1
LF:9
LH:9
BRF:0
BRH:0
end_of_record
TN:
SF:src/controllers/auth.controller.ts
FN:5,(anonymous_9)
FN:14,(anonymous_10)
FN:23,(anonymous_11)
FNF:3
FNH:2
FNDA:1,(anonymous_9)
FNDA:3,(anonymous_10)
FNDA:0,(anonymous_11)
DA:2,2
DA:3,2
DA:5,2
DA:6,1
DA:7,1
DA:8,1
DA:9,1
DA:10,1
DA:11,0
DA:14,2
DA:15,3
DA:16,3
DA:17,3
DA:18,3
DA:19,2
DA:20,0
DA:23,2
DA:24,0
DA:25,0
DA:26,0
LF:20
LH:15
BRDA:8,0,0,0
BRDA:18,1,0,1
BRDA:25,2,0,0
BRF:3
BRH:1
end_of_record
TN:
SF:src/controllers/role.controller.ts
FN:4,(anonymous_9)
FN:11,(anonymous_10)
FN:18,(anonymous_11)
FN:25,(anonymous_12)
FNF:4
FNH:2
FNDA:1,(anonymous_9)
FNDA:1,(anonymous_10)
FNDA:0,(anonymous_11)
FNDA:0,(anonymous_12)
DA:2,2
DA:4,2
DA:5,1
DA:6,1
DA:7,1
DA:8,0
DA:11,2
DA:12,1
DA:13,1
DA:14,1
DA:15,0
DA:18,2
DA:19,0
DA:20,0
DA:21,0
DA:22,0
DA:25,2
DA:26,0
DA:27,0
DA:28,0
DA:29,0
LF:21
LH:11
BRF:0
BRH:0
end_of_record
TN:
SF:src/controllers/user.controller.ts
FN:4,(anonymous_9)
FN:11,(anonymous_10)
FN:20,(anonymous_11)
FN:35,(anonymous_12)
FN:42,(anonymous_13)
FNF:5
FNH:2
FNDA:1,(anonymous_9)
FNDA:1,(anonymous_10)
FNDA:0,(anonymous_11)
FNDA:0,(anonymous_12)
FNDA:0,(anonymous_13)
DA:2,2
DA:4,2
DA:5,1
DA:6,1
DA:7,1
DA:8,0
DA:11,2
DA:12,1
DA:13,1
DA:14,1
DA:15,1
DA:16,1
DA:17,0
DA:20,2
DA:21,0
DA:29,0
DA:30,0
DA:31,0
DA:32,0
DA:35,2
DA:36,0
DA:37,0
DA:38,0
DA:39,0
DA:42,2
DA:43,0
DA:44,0
DA:45,0
DA:46,0
LF:29
LH:14
BRDA:14,0,0,0
BRDA:30,1,0,0
BRF:2
BRH:0
end_of_record
TN:
SF:src/middlewares/auth.middleware.ts
FN:28,(anonymous_1)
FNF:1
FNH:1
FNDA:3,(anonymous_1)
DA:2,4
DA:3,4
DA:4,4
DA:22,4
DA:24,4
DA:25,0
DA:28,4
DA:39,3
DA:41,3
DA:42,0
DA:43,0
DA:46,3
DA:48,3
DA:49,0
DA:52,3
DA:53,3
DA:54,3
DA:55,3
DA:57,0
LF:19
LH:14
BRDA:24,0,0,0
BRDA:41,1,0,0
BRDA:41,2,0,3
BRDA:41,2,1,3
BRDA:48,3,0,0
BRF:5
BRH:2
end_of_record
TN:
SF:src/middlewares/error.middleware.ts
FN:3,(anonymous_0)
FNF:1
FNH:0
FNDA:0,(anonymous_0)
DA:3,1
DA:4,0
DA:5,0
DA:6,0
LF:4
LH:1
BRDA:5,0,0,0
BRDA:5,0,1,0
BRDA:6,1,0,0
BRDA:6,1,1,0
BRF:4
BRH:0
end_of_record
TN:
SF:src/middlewares/notFound.middleware.ts
FN:2,(anonymous_0)
FNF:1
FNH:0
FNDA:0,(anonymous_0)
DA:2,1
DA:3,0
LF:2
LH:1
BRF:0
BRH:0
end_of_record
TN:
SF:src/middlewares/validate.middleware.ts
FN:4,(anonymous_0)
FN:4,(anonymous_1)
FNF:2
FNH:2
FNDA:8,(anonymous_0)
FNDA:5,(anonymous_1)
DA:4,8
DA:5,5
DA:6,5
DA:11,5
DA:12,5
DA:14,0
LF:6
LH:5
BRDA:14,0,0,0
BRDA:14,0,1,0
BRDA:14,0,2,0
BRF:3
BRH:0
end_of_record
TN:
SF:src/middlewares/validateObjectId.middleware.ts
FN:5,(anonymous_1)
FN:6,(anonymous_2)
FNF:2
FNH:1
FNDA:6,(anonymous_1)
FNDA:0,(anonymous_2)
DA:2,2
DA:4,2
DA:5,2
DA:6,6
DA:7,0
DA:8,0
DA:9,0
DA:11,0
LF:8
LH:4
BRDA:5,0,0,0
BRDA:8,1,0,0
BRDA:8,2,0,0
BRDA:8,2,1,0
BRF:4
BRH:0
end_of_record
TN:
SF:src/models/role.model.ts
FNF:0
FNH:0
DA:1,4
DA:9,4
DA:18,4
LF:3
LH:3
BRF:0
BRH:0
end_of_record
TN:
SF:src/models/user.model.ts
FNF:0
FNH:0
DA:1,4
DA:18,4
DA:20,4
DA:37,4
LF:4
LH:4
BRF:0
BRH:0
end_of_record
TN:
SF:src/routes/auth.routes.ts
FNF:0
FNH:0
DA:1,2
DA:2,2
DA:3,2
DA:4,2
DA:5,2
DA:7,2
DA:34,2
DA:59,2
DA:75,2
DA:77,2
LF:10
LH:10
BRF:0
BRH:0
end_of_record
TN:
SF:src/routes/role.routes.ts
FNF:0
FNH:0
DA:1,2
DA:2,2
DA:3,2
DA:5,2
DA:19,2
DA:46,2
DA:79,2
DA:99,2
DA:101,2
LF:9
LH:9
BRF:0
BRH:0
end_of_record
TN:
SF:src/routes/user.routes.ts
FNF:0
FNH:0
DA:1,2
DA:2,2
DA:3,2
DA:4,2
DA:5,2
DA:6,2
DA:8,2
DA:23,2
DA:54,2
DA:77,2
DA:113,2
DA:135,2
DA:137,2
LF:13
LH:13
BRF:0
BRH:0
end_of_record
TN:
SF:src/services/auth.service.ts
FN:12,(anonymous_1)
FN:19,(anonymous_2)
FNF:2
FNH:1
FNDA:0,(anonymous_1)
FNDA:3,(anonymous_2)
DA:1,2
DA:2,2
DA:3,2
DA:4,2
DA:7,2
DA:9,2
DA:10,2
DA:12,2
DA:14,0
DA:15,0
DA:16,0
DA:19,2
DA:20,3
DA:21,3
DA:23,3
DA:24,3
DA:26,2
DA:27,2
DA:28,2
LF:19
LH:16
BRDA:9,0,0,2
BRDA:9,0,1,0
BRDA:21,1,0,0
BRDA:24,2,0,1
BRDA:26,3,0,2
BRDA:26,3,1,2
BRF:6
BRH:4
end_of_record
TN:
SF:src/services/role.service.ts
FN:3,(anonymous_1)
FN:8,(anonymous_2)
FN:12,(anonymous_3)
FN:16,(anonymous_4)
FN:20,(anonymous_5)
FN:25,(anonymous_6)
FNF:6
FNH:2
FNDA:1,(anonymous_1)
FNDA:1,(anonymous_2)
FNDA:0,(anonymous_3)
FNDA:0,(anonymous_4)
FNDA:0,(anonymous_5)
FNDA:0,(anonymous_6)
DA:1,2
DA:3,2
DA:4,1
DA:5,1
DA:8,2
DA:9,1
DA:12,2
DA:13,0
DA:16,2
DA:17,0
DA:20,2
DA:21,0
DA:22,0
DA:25,2
DA:26,0
LF:15
LH:10
BRF:0
BRH:0
end_of_record
TN:
SF:src/services/user.service.ts
FN:10,(anonymous_1)
FN:31,(anonymous_2)
FN:35,(anonymous_3)
FN:39,(anonymous_4)
FN:43,(anonymous_5)
FN:51,(anonymous_6)
FNF:6
FNH:3
FNDA:4,(anonymous_1)
FNDA:1,(anonymous_2)
FNDA:0,(anonymous_3)
FNDA:1,(anonymous_4)
FNDA:0,(anonymous_5)
FNDA:0,(anonymous_6)
DA:1,3
DA:2,3
DA:4,3
DA:6,3
DA:10,3
DA:11,4
DA:12,4
DA:13,4
DA:16,4
DA:17,4
DA:18,0
DA:20,4
DA:21,4
DA:22,3
DA:24,4
DA:27,4
DA:28,4
DA:31,3
DA:32,1
DA:35,3
DA:36,0
DA:39,3
DA:40,1
DA:43,3
DA:44,0
DA:45,0
DA:46,0
DA:48,0
DA:51,3
DA:52,0
LF:30
LH:23
BRDA:6,0,0,3
BRDA:6,0,1,2
BRDA:11,1,0,4
BRDA:17,2,0,0
BRDA:17,2,1,4
BRDA:17,3,0,4
BRDA:17,3,1,0
BRDA:21,4,0,3
BRDA:31,5,0,0
BRDA:44,6,0,0
BRF:10
BRH:6
end_of_record
TN:
SF:src/utils/db.ts
FN:7,(anonymous_1)
FNF:1
FNH:1
FNDA:1,(anonymous_1)
DA:1,1
DA:2,1
DA:3,1
DA:5,1
DA:7,1
DA:8,1
DA:9,1
DA:10,1
DA:12,0
DA:13,0
LF:10
LH:8
BRDA:5,0,0,1
BRDA:5,0,1,0
BRF:2
BRH:1
end_of_record
TN:
SF:src/validators/auth.validator.ts
FNF:0
FNH:0
DA:1,2
DA:3,2
DA:11,2
LF:3
LH:3
BRF:0
BRH:0
end_of_record
TN:
SF:src/validators/user.validator.ts
FNF:0
FNH:0
DA:1,2
DA:3,2
DA:8,2
DA:16,2
DA:27,2
LF:5
LH:5
BRF:0
BRH:0
end_of_record
